<?xml version="1.0" encoding="UTF-8"?>
<robot generator="Robot 5.0 (Python 3.10.1 on win32)" generated="20220408 17:56:30.839" rpa="false" schemaversion="3">
<suite id="s1" name="Automation" source="C:\Users\Lenovo\OneDrive\Desktop\KNIME\UIAutomation\Automation.robot">
<test id="s1-t1" name="Navigate to login page" line="12">
<kw name="Navigate to login" library="Login_resources">
<kw name="Open Browser" library="SeleniumLibrary">
<arg>${URL}</arg>
<arg>${BROWSER}</arg>
<doc>Opens a new browser instance to the optional ``url``.</doc>
<msg timestamp="20220408 17:56:31.300" level="INFO">Opening browser 'chrome' to base url 'https://hub.knime.com/'.</msg>
<status status="PASS" starttime="20220408 17:56:31.299" endtime="20220408 17:56:33.784"/>
</kw>
<kw name="Wait Until Element Is Visible" library="SeleniumLibrary">
<arg>xpath=${ACCEPT}</arg>
<arg>10</arg>
<doc>Waits until the element ``locator`` is visible.</doc>
<status status="PASS" starttime="20220408 17:56:33.784" endtime="20220408 17:56:34.082"/>
</kw>
<kw name="Click Element" library="SeleniumLibrary">
<arg>xpath=${ACCEPT}</arg>
<doc>Click the element identified by ``locator``.</doc>
<msg timestamp="20220408 17:56:34.083" level="INFO">Clicking element 'xpath=//*[@id="__layout"]/div/div[3]/div[2]/div/div[3]/button'.</msg>
<status status="PASS" starttime="20220408 17:56:34.082" endtime="20220408 17:56:34.161"/>
</kw>
<kw name="Wait Until Element Is Visible" library="SeleniumLibrary">
<arg>xpath=${LOGIN}</arg>
<arg>10</arg>
<doc>Waits until the element ``locator`` is visible.</doc>
<status status="PASS" starttime="20220408 17:56:34.162" endtime="20220408 17:56:34.195"/>
</kw>
<kw name="Click Element" library="SeleniumLibrary">
<arg>xpath=${LOGIN}</arg>
<doc>Click the element identified by ``locator``.</doc>
<msg timestamp="20220408 17:56:34.195" level="INFO">Clicking element 'xpath=//*[@id="__layout"]/div/div[1]/header/nav/div[2]/button'.</msg>
<status status="PASS" starttime="20220408 17:56:34.195" endtime="20220408 17:56:34.331"/>
</kw>
<status status="PASS" starttime="20220408 17:56:31.299" endtime="20220408 17:56:34.331"/>
</kw>
<doc>We expect the user to navigate to login page</doc>
<status status="PASS" starttime="20220408 17:56:31.298" endtime="20220408 17:56:34.332"/>
</test>
<test id="s1-t2" name="Verify the login Page" line="16">
<kw name="Insert a valid username and an invalid password" library="Login_resources">
<kw name="Wait Until Element Is Visible" library="SeleniumLibrary">
<arg>xpath=${USRFIELD}</arg>
<arg>10</arg>
<doc>Waits until the element ``locator`` is visible.</doc>
<status status="PASS" starttime="20220408 17:56:34.337" endtime="20220408 17:56:35.809"/>
</kw>
<kw name="Input Text" library="SeleniumLibrary">
<arg>xpath=${USRFIELD}</arg>
<arg>${VALIDUSR}</arg>
<doc>Types the given ``text`` into the text field identified by ``locator``.</doc>
<msg timestamp="20220408 17:56:35.810" level="INFO">Typing text 'Rami123' into text field 'xpath=//*[@id="edit-name"]'.</msg>
<status status="PASS" starttime="20220408 17:56:35.810" endtime="20220408 17:56:35.897"/>
</kw>
<kw name="Input Password" library="SeleniumLibrary">
<arg>xpath=${PWDFIELD}</arg>
<arg>${UNVALIDPWD}</arg>
<doc>Types the given password into the text field identified by ``locator``.</doc>
<msg timestamp="20220408 17:56:35.897" level="INFO">Typing password into text field 'xpath=//*[@id="edit-pass"]'.</msg>
<msg timestamp="20220408 17:56:35.941" level="INFO">Temporally setting log level to: NONE</msg>
<msg timestamp="20220408 17:56:35.991" level="INFO">Log level changed from NONE to INFO.</msg>
<status status="PASS" starttime="20220408 17:56:35.897" endtime="20220408 17:56:35.992"/>
</kw>
<kw name="Click Element" library="SeleniumLibrary">
<arg>xpath=${SIGNIN}</arg>
<doc>Click the element identified by ``locator``.</doc>
<msg timestamp="20220408 17:56:35.992" level="INFO">Clicking element 'xpath=//*[@id="edit-submit"]'.</msg>
<status status="PASS" starttime="20220408 17:56:35.992" endtime="20220408 17:56:37.292"/>
</kw>
<kw name="Wait Until Element Is Visible" library="SeleniumLibrary">
<arg>xpath=${ErrorMessageLoc}</arg>
<doc>Waits until the element ``locator`` is visible.</doc>
<status status="PASS" starttime="20220408 17:56:37.292" endtime="20220408 17:56:37.315"/>
</kw>
<kw name="Page Should Contain Element" library="SeleniumLibrary">
<arg>xpath=${ErrorMessageLoc}</arg>
<doc>Verifies that element ``locator`` is found on the current page.</doc>
<msg timestamp="20220408 17:56:37.324" level="INFO">Current page contains element 'xpath=//*[@id="user-login-form"]/div[1]/div[1]'.</msg>
<status status="PASS" starttime="20220408 17:56:37.315" endtime="20220408 17:56:37.324"/>
</kw>
<status status="PASS" starttime="20220408 17:56:34.336" endtime="20220408 17:56:37.324"/>
</kw>
<kw name="Insert invalid username and valid password" library="Login_resources">
<kw name="Clear Element Text" library="SeleniumLibrary">
<arg>xpath=${USRFIELD}</arg>
<doc>Clears the value of the text-input-element identified by ``locator``.</doc>
<status status="PASS" starttime="20220408 17:56:37.325" endtime="20220408 17:56:37.383"/>
</kw>
<kw name="Input Text" library="SeleniumLibrary">
<arg>xpath=${USRFIELD}</arg>
<arg>${UNVALIDUSR}</arg>
<doc>Types the given ``text`` into the text field identified by ``locator``.</doc>
<msg timestamp="20220408 17:56:37.384" level="INFO">Typing text 'usr' into text field 'xpath=//*[@id="edit-name"]'.</msg>
<status status="PASS" starttime="20220408 17:56:37.383" endtime="20220408 17:56:37.452"/>
</kw>
<kw name="Input Password" library="SeleniumLibrary">
<arg>xpath=${PWDFIELD}</arg>
<arg>${VALIDPWD}</arg>
<doc>Types the given password into the text field identified by ``locator``.</doc>
<msg timestamp="20220408 17:56:37.453" level="INFO">Typing password into text field 'xpath=//*[@id="edit-pass"]'.</msg>
<msg timestamp="20220408 17:56:37.490" level="INFO">Temporally setting log level to: NONE</msg>
<msg timestamp="20220408 17:56:37.548" level="INFO">Log level changed from NONE to INFO.</msg>
<status status="PASS" starttime="20220408 17:56:37.452" endtime="20220408 17:56:37.548"/>
</kw>
<kw name="Click Element" library="SeleniumLibrary">
<arg>xpath=${SIGNIN}</arg>
<doc>Click the element identified by ``locator``.</doc>
<msg timestamp="20220408 17:56:37.549" level="INFO">Clicking element 'xpath=//*[@id="edit-submit"]'.</msg>
<status status="PASS" starttime="20220408 17:56:37.548" endtime="20220408 17:56:38.729"/>
</kw>
<kw name="Wait Until Element Is Visible" library="SeleniumLibrary">
<arg>xpath=${ErrorMessageLoc}</arg>
<doc>Waits until the element ``locator`` is visible.</doc>
<status status="PASS" starttime="20220408 17:56:38.730" endtime="20220408 17:56:38.751"/>
</kw>
<kw name="Page Should Contain Element" library="SeleniumLibrary">
<arg>xpath=${ErrorMessageLoc}</arg>
<doc>Verifies that element ``locator`` is found on the current page.</doc>
<msg timestamp="20220408 17:56:38.760" level="INFO">Current page contains element 'xpath=//*[@id="user-login-form"]/div[1]/div[1]'.</msg>
<status status="PASS" starttime="20220408 17:56:38.751" endtime="20220408 17:56:38.760"/>
</kw>
<status status="PASS" starttime="20220408 17:56:37.325" endtime="20220408 17:56:38.760"/>
</kw>
<kw name="Leave the username and password blank" library="Login_resources">
<kw name="Clear Element Text" library="SeleniumLibrary">
<arg>xpath=${USRFIELD}</arg>
<doc>Clears the value of the text-input-element identified by ``locator``.</doc>
<status status="PASS" starttime="20220408 17:56:38.761" endtime="20220408 17:56:38.811"/>
</kw>
<kw name="Click Element" library="SeleniumLibrary">
<arg>xpath=${SIGNIN}</arg>
<doc>Click the element identified by ``locator``.</doc>
<msg timestamp="20220408 17:56:38.812" level="INFO">Clicking element 'xpath=//*[@id="edit-submit"]'.</msg>
<status status="PASS" starttime="20220408 17:56:38.812" endtime="20220408 17:56:38.881"/>
</kw>
<kw name="Wait Until Element Is Visible" library="SeleniumLibrary">
<arg>xpath=${ErrorMessageLoc}</arg>
<doc>Waits until the element ``locator`` is visible.</doc>
<status status="PASS" starttime="20220408 17:56:38.881" endtime="20220408 17:56:38.904"/>
</kw>
<kw name="Page Should Contain Element" library="SeleniumLibrary">
<arg>xpath=${ErrorMessageLoc}</arg>
<doc>Verifies that element ``locator`` is found on the current page.</doc>
<msg timestamp="20220408 17:56:38.915" level="INFO">Current page contains element 'xpath=//*[@id="user-login-form"]/div[1]/div[1]'.</msg>
<status status="PASS" starttime="20220408 17:56:38.904" endtime="20220408 17:56:38.915"/>
</kw>
<status status="PASS" starttime="20220408 17:56:38.761" endtime="20220408 17:56:38.915"/>
</kw>
<kw name="Enter valid username and password" library="Login_resources">
<kw name="Input Text" library="SeleniumLibrary">
<arg>xpath=${USRFIELD}</arg>
<arg>${VALIDUSR}</arg>
<doc>Types the given ``text`` into the text field identified by ``locator``.</doc>
<msg timestamp="20220408 17:56:38.917" level="INFO">Typing text 'Rami123' into text field 'xpath=//*[@id="edit-name"]'.</msg>
<status status="PASS" starttime="20220408 17:56:38.916" endtime="20220408 17:56:38.992"/>
</kw>
<kw name="Input Password" library="SeleniumLibrary">
<arg>xpath=${PWDFIELD}</arg>
<arg>${VALIDPWD}</arg>
<doc>Types the given password into the text field identified by ``locator``.</doc>
<msg timestamp="20220408 17:56:38.993" level="INFO">Typing password into text field 'xpath=//*[@id="edit-pass"]'.</msg>
<msg timestamp="20220408 17:56:39.043" level="INFO">Temporally setting log level to: NONE</msg>
<msg timestamp="20220408 17:56:39.109" level="INFO">Log level changed from NONE to INFO.</msg>
<status status="PASS" starttime="20220408 17:56:38.992" endtime="20220408 17:56:39.109"/>
</kw>
<kw name="Click Element" library="SeleniumLibrary">
<arg>xpath=${SIGNIN}</arg>
<doc>Click the element identified by ``locator``.</doc>
<msg timestamp="20220408 17:56:39.110" level="INFO">Clicking element 'xpath=//*[@id="edit-submit"]'.</msg>
<status status="PASS" starttime="20220408 17:56:39.109" endtime="20220408 17:56:41.351"/>
</kw>
<kw name="Sleep" library="BuiltIn">
<arg>2</arg>
<doc>Pauses the test executed for the given time.</doc>
<msg timestamp="20220408 17:56:43.355" level="INFO">Slept 2 seconds</msg>
<status status="PASS" starttime="20220408 17:56:41.352" endtime="20220408 17:56:43.355"/>
</kw>
<kw name="Page Should Contain Element" library="SeleniumLibrary">
<arg>xpath=${ProfileIcon}</arg>
<doc>Verifies that element ``locator`` is found on the current page.</doc>
<msg timestamp="20220408 17:56:43.384" level="INFO">Current page contains element 'xpath=//*[@id="__layout"]/div/div[1]/header/nav/div[2]/div/button/div'.</msg>
<status status="PASS" starttime="20220408 17:56:43.355" endtime="20220408 17:56:43.385"/>
</kw>
<status status="PASS" starttime="20220408 17:56:38.916" endtime="20220408 17:56:43.385"/>
</kw>
<doc>We expect the user to login</doc>
<status status="PASS" starttime="20220408 17:56:34.335" endtime="20220408 17:56:43.386"/>
</test>
<test id="s1-t3" name="Navigate to Spaces page" line="23">
<kw name="Navigate to Spaces" library="Hub_resources">
<kw name="Click Element" library="SeleniumLibrary">
<arg>xpath=${ProfileIcon}</arg>
<doc>Click the element identified by ``locator``.</doc>
<msg timestamp="20220408 17:56:43.392" level="INFO">Clicking element 'xpath=//*[@id="__layout"]/div/div[1]/header/nav/div[2]/div/button/div'.</msg>
<status status="PASS" starttime="20220408 17:56:43.391" endtime="20220408 17:56:43.455"/>
</kw>
<kw name="Click Element" library="SeleniumLibrary">
<arg>xpath=${Spaces}</arg>
<doc>Click the element identified by ``locator``.</doc>
<msg timestamp="20220408 17:56:43.456" level="INFO">Clicking element 'xpath=//*[@id="__layout"]/div/div[1]/header/nav/div[2]/div/div/ul/li[2]/a/div/span'.</msg>
<status status="PASS" starttime="20220408 17:56:43.455" endtime="20220408 17:56:43.549"/>
</kw>
<kw name="Wait Until Element Is Visible" library="SeleniumLibrary">
<arg>xpath=${YourSpace}</arg>
<doc>Waits until the element ``locator`` is visible.</doc>
<status status="PASS" starttime="20220408 17:56:43.550" endtime="20220408 17:56:44.088"/>
</kw>
<kw name="Page Should Contain Element" library="SeleniumLibrary">
<arg>xpath=${YourSpace}</arg>
<doc>Verifies that element ``locator`` is found on the current page.</doc>
<msg timestamp="20220408 17:56:44.098" level="INFO">Current page contains element 'xpath=//*[@id="__layout"]/div/div[1]/main/section/div/div[2]/div/h2'.</msg>
<status status="PASS" starttime="20220408 17:56:44.088" endtime="20220408 17:56:44.098"/>
</kw>
<status status="PASS" starttime="20220408 17:56:43.391" endtime="20220408 17:56:44.098"/>
</kw>
<doc>We expect the user to navigate from HUB page to spaces page</doc>
<status status="PASS" starttime="20220408 17:56:43.390" endtime="20220408 17:56:44.099"/>
</test>
<test id="s1-t4" name="Create a public space" line="26">
<kw name="Create the public space" library="Create_Space_resources">
<kw name="Run Keyword And Ignore Error" library="BuiltIn">
<arg>Run Keywords</arg>
<arg>Click Button</arg>
<arg>${PublicSpace}</arg>
<arg>AND</arg>
<arg>Wait Until Element Is Visible</arg>
<arg>${SpaceField}</arg>
<arg>AND</arg>
<arg>Clear Element Text</arg>
<arg>${SpaceField}</arg>
<arg>AND</arg>
<arg>Input Text</arg>
<arg>xpath=${SpaceField}</arg>
<arg>New Space</arg>
<arg>AND</arg>
<arg>Click Button</arg>
<arg>${Save}</arg>
<arg>AND</arg>
<arg>Wait Until Page Does Not Contain</arg>
<arg>${Save}</arg>
<doc>Runs the given keyword with the given arguments and ignores possible error.</doc>
<kw name="Run Keywords" library="BuiltIn">
<arg>Click Button</arg>
<arg>${PublicSpace}</arg>
<arg>AND</arg>
<arg>Wait Until Element Is Visible</arg>
<arg>${SpaceField}</arg>
<arg>AND</arg>
<arg>Clear Element Text</arg>
<arg>${SpaceField}</arg>
<arg>AND</arg>
<arg>Input Text</arg>
<arg>xpath=${SpaceField}</arg>
<arg>New Space</arg>
<arg>AND</arg>
<arg>Click Button</arg>
<arg>${Save}</arg>
<arg>AND</arg>
<arg>Wait Until Page Does Not Contain</arg>
<arg>${Save}</arg>
<doc>Executes all the given keywords in a sequence.</doc>
<kw name="Click Button" library="SeleniumLibrary">
<arg>${PublicSpace}</arg>
<doc>Clicks the button identified by ``locator``.</doc>
<msg timestamp="20220408 17:56:44.105" level="INFO">Clicking button '//*[@id="__layout"]/div/div[1]/main/section/div/div[2]/div/div/ul/li[3]/div/div/button[2]'.</msg>
<status status="PASS" starttime="20220408 17:56:44.104" endtime="20220408 17:56:44.217"/>
</kw>
<kw name="Wait Until Element Is Visible" library="SeleniumLibrary">
<arg>${SpaceField}</arg>
<doc>Waits until the element ``locator`` is visible.</doc>
<status status="PASS" starttime="20220408 17:56:44.218" endtime="20220408 17:56:44.970"/>
</kw>
<kw name="Clear Element Text" library="SeleniumLibrary">
<arg>${SpaceField}</arg>
<doc>Clears the value of the text-input-element identified by ``locator``.</doc>
<status status="PASS" starttime="20220408 17:56:44.970" endtime="20220408 17:56:45.012"/>
</kw>
<kw name="Input Text" library="SeleniumLibrary">
<arg>xpath=${SpaceField}</arg>
<arg>New Space</arg>
<doc>Types the given ``text`` into the text field identified by ``locator``.</doc>
<msg timestamp="20220408 17:56:45.012" level="INFO">Typing text 'New Space' into text field 'xpath=//*[@id="__layout"]/div/div[1]/main/section[1]/div/div/div/div[1]/h3/div/div/textarea'.</msg>
<status status="PASS" starttime="20220408 17:56:45.012" endtime="20220408 17:56:45.111"/>
</kw>
<kw name="Click Button" library="SeleniumLibrary">
<arg>${Save}</arg>
<doc>Clicks the button identified by ``locator``.</doc>
<msg timestamp="20220408 17:56:45.112" level="INFO">Clicking button '//*[@id="__layout"]/div/div[1]/main/section[1]/div/div/div/div[1]/h3/div/div/div/button[1]'.</msg>
<status status="PASS" starttime="20220408 17:56:45.111" endtime="20220408 17:56:45.187"/>
</kw>
<kw name="Wait Until Page Does Not Contain" library="SeleniumLibrary">
<arg>${Save}</arg>
<doc>Waits until ``text`` disappears from the current page.</doc>
<status status="PASS" starttime="20220408 17:56:45.188" endtime="20220408 17:56:45.204"/>
</kw>
<status status="PASS" starttime="20220408 17:56:44.104" endtime="20220408 17:56:45.206"/>
</kw>
<status status="PASS" starttime="20220408 17:56:44.103" endtime="20220408 17:56:45.206"/>
</kw>
<status status="PASS" starttime="20220408 17:56:44.103" endtime="20220408 17:56:45.206"/>
</kw>
<doc>We expect the user to create a public space</doc>
<status status="PASS" starttime="20220408 17:56:44.101" endtime="20220408 17:56:45.207"/>
</test>
<test id="s1-t5" name="Delete a public space" line="29">
<kw name="Delete the public space" library="Delete_Space_resources">
<kw name="Get Location" library="SeleniumLibrary">
<var>${URl}</var>
<doc>Returns the current browser window URL.</doc>
<msg timestamp="20220408 17:56:45.243" level="INFO">${URl} = https://hub.knime.com/rami123/spaces/New%20space/latest/~rgONFCmevcnxY2OQ/</msg>
<status status="PASS" starttime="20220408 17:56:45.211" endtime="20220408 17:56:45.243"/>
</kw>
<kw name="Evaluate" library="BuiltIn">
<var>${Check}</var>
<arg>"latest" in """${URl}"""</arg>
<doc>Evaluates the given expression in Python and returns the result.</doc>
<msg timestamp="20220408 17:56:45.244" level="INFO">${Check} = True</msg>
<status status="PASS" starttime="20220408 17:56:45.243" endtime="20220408 17:56:45.244"/>
</kw>
<kw name="Run Keyword Unless" library="BuiltIn">
<arg>${Check}</arg>
<arg>Click Element</arg>
<arg>${CreatedSpace}</arg>
<doc>*DEPRECATED since RF 5.0. Use Native IF/ELSE or `Run Keyword If` instead.*</doc>
<msg timestamp="20220408 17:56:45.244" level="WARN">Keyword 'BuiltIn.Run Keyword Unless' is deprecated. </msg>
<status status="PASS" starttime="20220408 17:56:45.244" endtime="20220408 17:56:45.245"/>
</kw>
<kw name="Sleep" library="BuiltIn">
<arg>2</arg>
<doc>Pauses the test executed for the given time.</doc>
<msg timestamp="20220408 17:56:47.247" level="INFO">Slept 2 seconds</msg>
<status status="PASS" starttime="20220408 17:56:45.245" endtime="20220408 17:56:47.247"/>
</kw>
<kw name="Click Element" library="SeleniumLibrary">
<arg>xpath=${Dots}</arg>
<doc>Click the element identified by ``locator``.</doc>
<msg timestamp="20220408 17:56:47.248" level="INFO">Clicking element 'xpath=//*[@id="__layout"]/div/div[1]/main/section[2]/div/div[2]/div[2]/div[3]/div/button'.</msg>
<status status="PASS" starttime="20220408 17:56:47.247" endtime="20220408 17:56:47.327"/>
</kw>
<kw name="Wait Until Element Is Visible" library="SeleniumLibrary">
<arg>xpath=${Deletebutton}</arg>
<doc>Waits until the element ``locator`` is visible.</doc>
<status status="PASS" starttime="20220408 17:56:47.327" endtime="20220408 17:56:47.353"/>
</kw>
<kw name="Sleep" library="BuiltIn">
<arg>4</arg>
<doc>Pauses the test executed for the given time.</doc>
<msg timestamp="20220408 17:56:51.359" level="INFO">Slept 4 seconds</msg>
<status status="PASS" starttime="20220408 17:56:47.353" endtime="20220408 17:56:51.359"/>
</kw>
<kw name="Click Button" library="SeleniumLibrary">
<arg>${Deletebutton}</arg>
<doc>Clicks the button identified by ``locator``.</doc>
<msg timestamp="20220408 17:56:51.359" level="INFO">Clicking button '//*[@id="__layout"]/div/div[1]/main/section[2]/div/div[2]/div[2]/div[3]/div/div/div[1]/div/button'.</msg>
<status status="PASS" starttime="20220408 17:56:51.359" endtime="20220408 17:56:51.427"/>
</kw>
<kw name="Wait Until Element Is Visible" library="SeleniumLibrary">
<arg>xpath=${TextField}</arg>
<doc>Waits until the element ``locator`` is visible.</doc>
<status status="PASS" starttime="20220408 17:56:51.427" endtime="20220408 17:56:51.667"/>
</kw>
<kw name="Input Text" library="SeleniumLibrary">
<arg>xpath=${TextField}</arg>
<arg>New Space</arg>
<doc>Types the given ``text`` into the text field identified by ``locator``.</doc>
<msg timestamp="20220408 17:56:51.669" level="INFO">Typing text 'New Space' into text field 'xpath=//*[@id="confirmationForm"]/div/input'.</msg>
<status status="PASS" starttime="20220408 17:56:51.668" endtime="20220408 17:56:51.779"/>
</kw>
<kw name="Wait Until Element Is Visible" library="SeleniumLibrary">
<arg>${Confirm}</arg>
<doc>Waits until the element ``locator`` is visible.</doc>
<status status="PASS" starttime="20220408 17:56:51.780" endtime="20220408 17:56:51.807"/>
</kw>
<kw name="Click Button" library="SeleniumLibrary">
<arg>${Confirm}</arg>
<doc>Clicks the button identified by ``locator``.</doc>
<msg timestamp="20220408 17:56:51.808" level="INFO">Clicking button '//*[@id="__layout"]/div/div[1]/main/section[2]/div/div[2]/div[2]/div[3]/div/div/div[1]/div[2]/div[2]/div/div[4]/button'.</msg>
<status status="PASS" starttime="20220408 17:56:51.807" endtime="20220408 17:56:51.875"/>
</kw>
<kw name="Page Should Not Contain" library="SeleniumLibrary">
<arg>xpath=${TextField}</arg>
<doc>Verifies the current page does not contain ``text``.</doc>
<msg timestamp="20220408 17:56:51.914" level="INFO">Current page does not contain text 'xpath=//*[@id="confirmationForm"]/div/input'.</msg>
<status status="PASS" starttime="20220408 17:56:51.875" endtime="20220408 17:56:51.914"/>
</kw>
<status status="PASS" starttime="20220408 17:56:45.211" endtime="20220408 17:56:51.914"/>
</kw>
<doc>We expect the user to delete a public space</doc>
<status status="PASS" starttime="20220408 17:56:45.209" endtime="20220408 17:56:51.916"/>
</test>
<test id="s1-t6" name="Verify the UI of space page" line="33">
<kw name="Verify the public space area" library="UI_Verification_resources">
<kw name="Wait Until Element Is Visible" library="SeleniumLibrary">
<arg>${PublicArea}</arg>
<doc>Waits until the element ``locator`` is visible.</doc>
<status status="PASS" starttime="20220408 17:56:51.921" endtime="20220408 17:56:52.432"/>
</kw>
<kw name="Sleep" library="BuiltIn">
<arg>10</arg>
<doc>Pauses the test executed for the given time.</doc>
<msg timestamp="20220408 17:57:02.437" level="INFO">Slept 10 seconds</msg>
<status status="PASS" starttime="20220408 17:56:52.432" endtime="20220408 17:57:02.437"/>
</kw>
<kw name="Get Text" library="SeleniumLibrary">
<var>${text}</var>
<arg>${PublicArea}</arg>
<doc>Returns the text value of the element identified by ``locator``.</doc>
<msg timestamp="20220408 17:57:02.464" level="INFO">${text} = Public space</msg>
<status status="PASS" starttime="20220408 17:57:02.438" endtime="20220408 17:57:02.464"/>
</kw>
<kw name="Run Keyword And Ignore Error" library="BuiltIn">
<arg>Should Be True</arg>
<arg>'''${text}''' =='Public space'</arg>
<doc>Runs the given keyword with the given arguments and ignores possible error.</doc>
<kw name="Should Be True" library="BuiltIn">
<arg>'''${text}''' =='Public space'</arg>
<doc>Fails if the given condition is not true.</doc>
<status status="PASS" starttime="20220408 17:57:02.464" endtime="20220408 17:57:02.465"/>
</kw>
<status status="PASS" starttime="20220408 17:57:02.464" endtime="20220408 17:57:02.465"/>
</kw>
<kw name="Click Element" library="SeleniumLibrary">
<arg>${PublicArea}</arg>
<doc>Click the element identified by ``locator``.</doc>
<msg timestamp="20220408 17:57:02.465" level="INFO">Clicking element '//*[@id="__layout"]/div/div[1]/main/section/div/div[2]/div/div/ul/li[3]/div/div/button[2]'.</msg>
<status status="PASS" starttime="20220408 17:57:02.465" endtime="20220408 17:57:02.513"/>
</kw>
<kw name="Sleep" library="BuiltIn">
<arg>2</arg>
<doc>Pauses the test executed for the given time.</doc>
<msg timestamp="20220408 17:57:04.522" level="INFO">Slept 2 seconds</msg>
<status status="PASS" starttime="20220408 17:57:02.513" endtime="20220408 17:57:04.522"/>
</kw>
<kw name="Page Should Contain" library="SeleniumLibrary">
<arg>Seems like you haven’t uploaded anything to this space yet</arg>
<doc>Verifies that current page contains ``text``.</doc>
<msg timestamp="20220408 17:57:04.561" level="INFO">Current page contains text 'Seems like you haven’t uploaded anything to this space yet'.</msg>
<status status="PASS" starttime="20220408 17:57:04.522" endtime="20220408 17:57:04.561"/>
</kw>
<status status="PASS" starttime="20220408 17:56:51.921" endtime="20220408 17:57:04.561"/>
</kw>
<kw name="Verify the private space area" library="UI_Verification_resources">
<kw name="Go Back" library="SeleniumLibrary">
<doc>Simulates the user clicking the back button on their browser.</doc>
<status status="PASS" starttime="20220408 17:57:04.563" endtime="20220408 17:57:04.620"/>
</kw>
<kw name="Wait Until Element Is Visible" library="SeleniumLibrary">
<arg>${PrivateArea}</arg>
<doc>Waits until the element ``locator`` is visible.</doc>
<status status="PASS" starttime="20220408 17:57:04.620" endtime="20220408 17:57:04.658"/>
</kw>
<kw name="Sleep" library="BuiltIn">
<arg>10</arg>
<doc>Pauses the test executed for the given time.</doc>
<msg timestamp="20220408 17:57:14.666" level="INFO">Slept 10 seconds</msg>
<status status="PASS" starttime="20220408 17:57:04.659" endtime="20220408 17:57:14.667"/>
</kw>
<kw name="Get Text" library="SeleniumLibrary">
<var>${text}</var>
<arg>${PrivateArea}</arg>
<doc>Returns the text value of the element identified by ``locator``.</doc>
<msg timestamp="20220408 17:57:14.718" level="INFO">${text} = Private
Last edited  5 Apr 2022</msg>
<status status="PASS" starttime="20220408 17:57:14.667" endtime="20220408 17:57:14.718"/>
</kw>
<kw name="Run Keyword And Ignore Error" library="BuiltIn">
<arg>Should Be True</arg>
<arg>'''${text}''' =='Private space'</arg>
<doc>Runs the given keyword with the given arguments and ignores possible error.</doc>
<kw name="Should Be True" library="BuiltIn">
<arg>'''${text}''' =='Private space'</arg>
<doc>Fails if the given condition is not true.</doc>
<msg timestamp="20220408 17:57:14.719" level="FAIL">''''Private
Last edited  5 Apr 2022''' =='Private space'' should be true.</msg>
<status status="FAIL" starttime="20220408 17:57:14.718" endtime="20220408 17:57:14.720"/>
</kw>
<status status="PASS" starttime="20220408 17:57:14.718" endtime="20220408 17:57:14.720"/>
</kw>
<kw name="Click Element" library="SeleniumLibrary">
<arg>${PrivateArea}</arg>
<doc>Click the element identified by ``locator``.</doc>
<msg timestamp="20220408 17:57:14.720" level="INFO">Clicking element '//*[@id="__layout"]/div/div[1]/main/section[2]/div/div[2]/div/div/ul/li[3]/a/div[2]'.</msg>
<status status="PASS" starttime="20220408 17:57:14.720" endtime="20220408 17:57:14.772"/>
</kw>
<kw name="Sleep" library="BuiltIn">
<arg>2</arg>
<doc>Pauses the test executed for the given time.</doc>
<msg timestamp="20220408 17:57:16.776" level="INFO">Slept 2 seconds</msg>
<status status="PASS" starttime="20220408 17:57:14.772" endtime="20220408 17:57:16.777"/>
</kw>
<kw name="Page Should Contain" library="SeleniumLibrary">
<arg>Seems like you haven’t uploaded anything to this space yet</arg>
<doc>Verifies that current page contains ``text``.</doc>
<msg timestamp="20220408 17:57:16.837" level="INFO">Current page contains text 'Seems like you haven’t uploaded anything to this space yet'.</msg>
<status status="PASS" starttime="20220408 17:57:16.778" endtime="20220408 17:57:16.837"/>
</kw>
<status status="PASS" starttime="20220408 17:57:04.562" endtime="20220408 17:57:16.837"/>
</kw>
<status status="PASS" starttime="20220408 17:56:51.920" endtime="20220408 17:57:16.840"/>
</test>
<doc>Automation Testing for KNIME</doc>
<status status="PASS" starttime="20220408 17:56:30.845" endtime="20220408 17:57:16.847"/>
</suite>
<statistics>
<total>
<stat pass="6" fail="0" skip="0">All Tests</stat>
</total>
<tag>
</tag>
<suite>
<stat pass="6" fail="0" skip="0" id="s1" name="Automation">Automation</stat>
</suite>
</statistics>
<errors>
<msg timestamp="20220408 17:56:45.244" level="WARN">Keyword 'BuiltIn.Run Keyword Unless' is deprecated. </msg>
</errors>
</robot>
