<?xml version="1.0" encoding="UTF-8"?>
<robot generator="Robot 5.0 (Python 3.10.1 on win32)" generated="20220407 00:02:28.471" rpa="false" schemaversion="3">
<suite id="s1" name="Automation" source="C:\Users\Lenovo\OneDrive\Desktop\KNIME\UIAutomation\Automation.robot">
<test id="s1-t1" name="Navigate to login page" line="10">
<kw name="Navigate to login" library="Login_resources">
<kw name="Open Browser" library="SeleniumLibrary">
<arg>${URL}</arg>
<arg>${BROWSER}</arg>
<doc>Opens a new browser instance to the optional ``url``.</doc>
<msg timestamp="20220407 00:02:29.241" level="INFO">Opening browser 'chrome' to base url 'https://hub.knime.com/'.</msg>
<status status="PASS" starttime="20220407 00:02:29.240" endtime="20220407 00:02:32.982"/>
</kw>
<kw name="Wait Until Element Is Visible" library="SeleniumLibrary">
<arg>xpath=${ACCEPT}</arg>
<arg>10</arg>
<doc>Waits until the element ``locator`` is visible.</doc>
<status status="PASS" starttime="20220407 00:02:32.982" endtime="20220407 00:02:33.283"/>
</kw>
<kw name="Click Element" library="SeleniumLibrary">
<arg>xpath=${ACCEPT}</arg>
<doc>Click the element identified by ``locator``.</doc>
<msg timestamp="20220407 00:02:33.284" level="INFO">Clicking element 'xpath=//*[@id="__layout"]/div/div[3]/div[2]/div/div[3]/button'.</msg>
<status status="PASS" starttime="20220407 00:02:33.283" endtime="20220407 00:02:33.375"/>
</kw>
<kw name="Wait Until Element Is Visible" library="SeleniumLibrary">
<arg>xpath=${LOGIN}</arg>
<arg>10</arg>
<doc>Waits until the element ``locator`` is visible.</doc>
<status status="PASS" starttime="20220407 00:02:33.375" endtime="20220407 00:02:33.435"/>
</kw>
<kw name="Click Element" library="SeleniumLibrary">
<arg>xpath=${LOGIN}</arg>
<doc>Click the element identified by ``locator``.</doc>
<msg timestamp="20220407 00:02:33.436" level="INFO">Clicking element 'xpath=//*[@id="__layout"]/div/div[1]/header/nav/div[2]/button'.</msg>
<status status="PASS" starttime="20220407 00:02:33.435" endtime="20220407 00:02:33.520"/>
</kw>
<status status="PASS" starttime="20220407 00:02:29.239" endtime="20220407 00:02:33.520"/>
</kw>
<doc>We expect the user to navigate to login page</doc>
<status status="PASS" starttime="20220407 00:02:29.231" endtime="20220407 00:02:33.528"/>
</test>
<test id="s1-t2" name="Verify the login Page" line="14">
<kw name="Insert a valid username and an invalid password" library="Login_resources">
<kw name="Wait Until Element Is Visible" library="SeleniumLibrary">
<arg>xpath=${USRFIELD}</arg>
<arg>10</arg>
<doc>Waits until the element ``locator`` is visible.</doc>
<status status="PASS" starttime="20220407 00:02:33.553" endtime="20220407 00:02:35.896"/>
</kw>
<kw name="Input Text" library="SeleniumLibrary">
<arg>xpath=${USRFIELD}</arg>
<arg>${VALIDUSR}</arg>
<doc>Types the given ``text`` into the text field identified by ``locator``.</doc>
<msg timestamp="20220407 00:02:35.897" level="INFO">Typing text 'Rami123' into text field 'xpath=//*[@id="edit-name"]'.</msg>
<status status="PASS" starttime="20220407 00:02:35.897" endtime="20220407 00:02:35.998"/>
</kw>
<kw name="Input Password" library="SeleniumLibrary">
<arg>xpath=${PWDFIELD}</arg>
<arg>${UNVALIDPWD}</arg>
<doc>Types the given password into the text field identified by ``locator``.</doc>
<msg timestamp="20220407 00:02:35.999" level="INFO">Typing password into text field 'xpath=//*[@id="edit-pass"]'.</msg>
<msg timestamp="20220407 00:02:36.053" level="INFO">Temporally setting log level to: NONE</msg>
<msg timestamp="20220407 00:02:36.119" level="INFO">Log level changed from NONE to INFO.</msg>
<status status="PASS" starttime="20220407 00:02:35.998" endtime="20220407 00:02:36.119"/>
</kw>
<kw name="Click Element" library="SeleniumLibrary">
<arg>xpath=${SIGNIN}</arg>
<doc>Click the element identified by ``locator``.</doc>
<msg timestamp="20220407 00:02:36.120" level="INFO">Clicking element 'xpath=//*[@id="edit-submit"]'.</msg>
<status status="PASS" starttime="20220407 00:02:36.120" endtime="20220407 00:02:37.544"/>
</kw>
<kw name="Wait Until Element Is Visible" library="SeleniumLibrary">
<arg>xpath=${ErrorMessageLoc}</arg>
<doc>Waits until the element ``locator`` is visible.</doc>
<status status="PASS" starttime="20220407 00:02:37.544" endtime="20220407 00:02:37.577"/>
</kw>
<kw name="Page Should Contain Element" library="SeleniumLibrary">
<arg>xpath=${ErrorMessageLoc}</arg>
<doc>Verifies that element ``locator`` is found on the current page.</doc>
<msg timestamp="20220407 00:02:37.586" level="INFO">Current page contains element 'xpath=//*[@id="user-login-form"]/div[1]/div[1]'.</msg>
<status status="PASS" starttime="20220407 00:02:37.578" endtime="20220407 00:02:37.586"/>
</kw>
<status status="PASS" starttime="20220407 00:02:33.552" endtime="20220407 00:02:37.587"/>
</kw>
<kw name="Insert invalid username and valid password" library="Login_resources">
<kw name="Clear Element Text" library="SeleniumLibrary">
<arg>xpath=${USRFIELD}</arg>
<doc>Clears the value of the text-input-element identified by ``locator``.</doc>
<status status="PASS" starttime="20220407 00:02:37.588" endtime="20220407 00:02:37.655"/>
</kw>
<kw name="Input Text" library="SeleniumLibrary">
<arg>xpath=${USRFIELD}</arg>
<arg>${UNVALIDUSR}</arg>
<doc>Types the given ``text`` into the text field identified by ``locator``.</doc>
<msg timestamp="20220407 00:02:37.656" level="INFO">Typing text 'usr' into text field 'xpath=//*[@id="edit-name"]'.</msg>
<status status="PASS" starttime="20220407 00:02:37.656" endtime="20220407 00:02:37.755"/>
</kw>
<kw name="Input Password" library="SeleniumLibrary">
<arg>xpath=${PWDFIELD}</arg>
<arg>${VALIDPWD}</arg>
<doc>Types the given password into the text field identified by ``locator``.</doc>
<msg timestamp="20220407 00:02:37.756" level="INFO">Typing password into text field 'xpath=//*[@id="edit-pass"]'.</msg>
<msg timestamp="20220407 00:02:37.813" level="INFO">Temporally setting log level to: NONE</msg>
<msg timestamp="20220407 00:02:37.902" level="INFO">Log level changed from NONE to INFO.</msg>
<status status="PASS" starttime="20220407 00:02:37.755" endtime="20220407 00:02:37.902"/>
</kw>
<kw name="Click Element" library="SeleniumLibrary">
<arg>xpath=${SIGNIN}</arg>
<doc>Click the element identified by ``locator``.</doc>
<msg timestamp="20220407 00:02:37.903" level="INFO">Clicking element 'xpath=//*[@id="edit-submit"]'.</msg>
<status status="PASS" starttime="20220407 00:02:37.902" endtime="20220407 00:02:38.961"/>
</kw>
<kw name="Wait Until Element Is Visible" library="SeleniumLibrary">
<arg>xpath=${ErrorMessageLoc}</arg>
<doc>Waits until the element ``locator`` is visible.</doc>
<status status="PASS" starttime="20220407 00:02:38.961" endtime="20220407 00:02:38.986"/>
</kw>
<kw name="Page Should Contain Element" library="SeleniumLibrary">
<arg>xpath=${ErrorMessageLoc}</arg>
<doc>Verifies that element ``locator`` is found on the current page.</doc>
<msg timestamp="20220407 00:02:38.996" level="INFO">Current page contains element 'xpath=//*[@id="user-login-form"]/div[1]/div[1]'.</msg>
<status status="PASS" starttime="20220407 00:02:38.986" endtime="20220407 00:02:38.996"/>
</kw>
<status status="PASS" starttime="20220407 00:02:37.587" endtime="20220407 00:02:38.996"/>
</kw>
<kw name="Leave the username and password blank" library="Login_resources">
<kw name="Clear Element Text" library="SeleniumLibrary">
<arg>xpath=${USRFIELD}</arg>
<doc>Clears the value of the text-input-element identified by ``locator``.</doc>
<status status="PASS" starttime="20220407 00:02:38.998" endtime="20220407 00:02:39.060"/>
</kw>
<kw name="Click Element" library="SeleniumLibrary">
<arg>xpath=${SIGNIN}</arg>
<doc>Click the element identified by ``locator``.</doc>
<msg timestamp="20220407 00:02:39.061" level="INFO">Clicking element 'xpath=//*[@id="edit-submit"]'.</msg>
<status status="PASS" starttime="20220407 00:02:39.060" endtime="20220407 00:02:40.199"/>
</kw>
<kw name="Wait Until Element Is Visible" library="SeleniumLibrary">
<arg>xpath=${ErrorMessageLoc}</arg>
<doc>Waits until the element ``locator`` is visible.</doc>
<status status="PASS" starttime="20220407 00:02:40.199" endtime="20220407 00:02:40.225"/>
</kw>
<kw name="Page Should Contain Element" library="SeleniumLibrary">
<arg>xpath=${ErrorMessageLoc}</arg>
<doc>Verifies that element ``locator`` is found on the current page.</doc>
<msg timestamp="20220407 00:02:40.234" level="INFO">Current page contains element 'xpath=//*[@id="user-login-form"]/div[1]/div[1]'.</msg>
<status status="PASS" starttime="20220407 00:02:40.225" endtime="20220407 00:02:40.235"/>
</kw>
<status status="PASS" starttime="20220407 00:02:38.997" endtime="20220407 00:02:40.235"/>
</kw>
<kw name="Enter valid username and password" library="Login_resources">
<kw name="Input Text" library="SeleniumLibrary">
<arg>xpath=${USRFIELD}</arg>
<arg>${VALIDUSR}</arg>
<doc>Types the given ``text`` into the text field identified by ``locator``.</doc>
<msg timestamp="20220407 00:02:40.236" level="INFO">Typing text 'Rami123' into text field 'xpath=//*[@id="edit-name"]'.</msg>
<status status="PASS" starttime="20220407 00:02:40.236" endtime="20220407 00:02:40.363"/>
</kw>
<kw name="Input Password" library="SeleniumLibrary">
<arg>xpath=${PWDFIELD}</arg>
<arg>${VALIDPWD}</arg>
<doc>Types the given password into the text field identified by ``locator``.</doc>
<msg timestamp="20220407 00:02:40.364" level="INFO">Typing password into text field 'xpath=//*[@id="edit-pass"]'.</msg>
<msg timestamp="20220407 00:02:40.428" level="INFO">Temporally setting log level to: NONE</msg>
<msg timestamp="20220407 00:02:40.515" level="INFO">Log level changed from NONE to INFO.</msg>
<status status="PASS" starttime="20220407 00:02:40.363" endtime="20220407 00:02:40.516"/>
</kw>
<kw name="Click Element" library="SeleniumLibrary">
<arg>xpath=${SIGNIN}</arg>
<doc>Click the element identified by ``locator``.</doc>
<msg timestamp="20220407 00:02:40.516" level="INFO">Clicking element 'xpath=//*[@id="edit-submit"]'.</msg>
<status status="PASS" starttime="20220407 00:02:40.516" endtime="20220407 00:02:42.952"/>
</kw>
<kw name="Sleep" library="BuiltIn">
<arg>2</arg>
<doc>Pauses the test executed for the given time.</doc>
<msg timestamp="20220407 00:02:44.960" level="INFO">Slept 2 seconds</msg>
<status status="PASS" starttime="20220407 00:02:42.952" endtime="20220407 00:02:44.960"/>
</kw>
<kw name="Page Should Contain Element" library="SeleniumLibrary">
<arg>xpath=${ProfileIcon}</arg>
<doc>Verifies that element ``locator`` is found on the current page.</doc>
<msg timestamp="20220407 00:02:44.975" level="INFO">Current page contains element 'xpath=//*[@id="__layout"]/div/div[1]/header/nav/div[2]/div/button/div'.</msg>
<status status="PASS" starttime="20220407 00:02:44.960" endtime="20220407 00:02:44.975"/>
</kw>
<status status="PASS" starttime="20220407 00:02:40.235" endtime="20220407 00:02:44.975"/>
</kw>
<doc>We expect the user to login</doc>
<status status="PASS" starttime="20220407 00:02:33.549" endtime="20220407 00:02:44.976"/>
</test>
<test id="s1-t3" name="Navigate to Spaces page" line="21">
<kw name="Navigate to Spaces" library="Hub_resources">
<kw name="Click Element" library="SeleniumLibrary">
<arg>xpath=${ProfileIcon}</arg>
<doc>Click the element identified by ``locator``.</doc>
<msg timestamp="20220407 00:02:44.980" level="INFO">Clicking element 'xpath=//*[@id="__layout"]/div/div[1]/header/nav/div[2]/div/button/div'.</msg>
<status status="PASS" starttime="20220407 00:02:44.979" endtime="20220407 00:02:45.052"/>
</kw>
<kw name="Click Element" library="SeleniumLibrary">
<arg>xpath=${Spaces}</arg>
<doc>Click the element identified by ``locator``.</doc>
<msg timestamp="20220407 00:02:45.053" level="INFO">Clicking element 'xpath=//*[@id="__layout"]/div/div[1]/header/nav/div[2]/div/ul/li[2]/a'.</msg>
<status status="PASS" starttime="20220407 00:02:45.052" endtime="20220407 00:02:45.136"/>
</kw>
<kw name="Wait Until Element Is Visible" library="SeleniumLibrary">
<arg>xpath=${YourSpace}</arg>
<doc>Waits until the element ``locator`` is visible.</doc>
<status status="PASS" starttime="20220407 00:02:45.136" endtime="20220407 00:02:45.733"/>
</kw>
<kw name="Page Should Contain Element" library="SeleniumLibrary">
<arg>xpath=${YourSpace}</arg>
<doc>Verifies that element ``locator`` is found on the current page.</doc>
<msg timestamp="20220407 00:02:45.747" level="INFO">Current page contains element 'xpath=//*[@id="__layout"]/div/div[1]/main/section/div/div[2]/div/h2'.</msg>
<status status="PASS" starttime="20220407 00:02:45.733" endtime="20220407 00:02:45.747"/>
</kw>
<status status="PASS" starttime="20220407 00:02:44.978" endtime="20220407 00:02:45.748"/>
</kw>
<doc>We expect the user to navigate from HUB page to spaces page</doc>
<status status="PASS" starttime="20220407 00:02:44.977" endtime="20220407 00:02:45.748"/>
</test>
<test id="s1-t4" name="Create a public space" line="24">
<kw name="Create the public space" library="Create_Space_resources">
<kw name="Run Keyword And Ignore Error" library="BuiltIn">
<arg>Run Keywords</arg>
<arg>Click Button</arg>
<arg>${PublicSpace}</arg>
<arg>AND</arg>
<arg>Wait Until Element Is Visible</arg>
<arg>${SpaceField}</arg>
<arg>AND</arg>
<arg>Clear Element Text</arg>
<arg>${SpaceField}</arg>
<arg>AND</arg>
<arg>Input Text</arg>
<arg>xpath=${SpaceField}</arg>
<arg>New Space</arg>
<doc>Runs the given keyword with the given arguments and ignores possible error.</doc>
<kw name="Run Keywords" library="BuiltIn">
<arg>Click Button</arg>
<arg>${PublicSpace}</arg>
<arg>AND</arg>
<arg>Wait Until Element Is Visible</arg>
<arg>${SpaceField}</arg>
<arg>AND</arg>
<arg>Clear Element Text</arg>
<arg>${SpaceField}</arg>
<arg>AND</arg>
<arg>Input Text</arg>
<arg>xpath=${SpaceField}</arg>
<arg>New Space</arg>
<doc>Executes all the given keywords in a sequence.</doc>
<kw name="Click Button" library="SeleniumLibrary">
<arg>${PublicSpace}</arg>
<doc>Clicks the button identified by ``locator``.</doc>
<msg timestamp="20220407 00:02:45.758" level="INFO">Clicking button '//*[@id="__layout"]/div/div[1]/main/section/div/div[2]/div/div/ul/li[3]/div/div/button[2]'.</msg>
<status status="PASS" starttime="20220407 00:02:45.758" endtime="20220407 00:02:45.933"/>
</kw>
<kw name="Wait Until Element Is Visible" library="SeleniumLibrary">
<arg>${SpaceField}</arg>
<doc>Waits until the element ``locator`` is visible.</doc>
<status status="PASS" starttime="20220407 00:02:45.933" endtime="20220407 00:02:46.833"/>
</kw>
<kw name="Clear Element Text" library="SeleniumLibrary">
<arg>${SpaceField}</arg>
<doc>Clears the value of the text-input-element identified by ``locator``.</doc>
<status status="PASS" starttime="20220407 00:02:46.833" endtime="20220407 00:02:46.907"/>
</kw>
<kw name="Input Text" library="SeleniumLibrary">
<arg>xpath=${SpaceField}</arg>
<arg>New Space</arg>
<doc>Types the given ``text`` into the text field identified by ``locator``.</doc>
<msg timestamp="20220407 00:02:46.908" level="INFO">Typing text 'New Space' into text field 'xpath=//*[@id="__layout"]/div/div[1]/main/section[1]/div/div/div/div[1]/h3/div/div/textarea'.</msg>
<status status="PASS" starttime="20220407 00:02:46.907" endtime="20220407 00:02:47.083"/>
</kw>
<status status="PASS" starttime="20220407 00:02:45.757" endtime="20220407 00:02:47.084"/>
</kw>
<status status="PASS" starttime="20220407 00:02:45.756" endtime="20220407 00:02:47.084"/>
</kw>
<status status="PASS" starttime="20220407 00:02:45.755" endtime="20220407 00:02:47.085"/>
</kw>
<doc>We expect the user to create public space</doc>
<status status="PASS" starttime="20220407 00:02:45.754" endtime="20220407 00:02:47.086"/>
</test>
<doc>Automation Testing for KNIME</doc>
<status status="PASS" starttime="20220407 00:02:28.480" endtime="20220407 00:02:47.092"/>
</suite>
<statistics>
<total>
<stat pass="4" fail="0" skip="0">All Tests</stat>
</total>
<tag>
</tag>
<suite>
<stat pass="4" fail="0" skip="0" id="s1" name="Automation">Automation</stat>
</suite>
</statistics>
<errors>
</errors>
</robot>
