<?xml version="1.0" encoding="UTF-8"?>
<robot generator="Robot 5.0 (Python 3.10.1 on win32)" generated="20220405 17:51:59.430" rpa="false" schemaversion="3">
<suite id="s1" name="Test" source="C:\Users\Lenovo\OneDrive\Desktop\KNIME\test.robot">
<test id="s1-t1" name="Valid Login" line="10">
<kw name="Open Browser To Login Page">
<kw name="Open Browser" library="SeleniumLibrary">
<arg>${LOGIN URL}</arg>
<arg>${BROWSER}</arg>
<doc>Opens a new browser instance to the optional ``url``.</doc>
<msg timestamp="20220405 17:52:06.269" level="INFO">Opening browser 'Chrome' to base url 'https://www.google.com/'.</msg>
<status status="PASS" starttime="20220405 17:52:06.268" endtime="20220405 17:52:15.461"/>
</kw>
<kw name="Title Should Be" library="SeleniumLibrary">
<arg>Login Page</arg>
<doc>Verifies that the current page title equals ``title``.</doc>
<msg timestamp="20220405 17:52:16.491" level="INFO" html="true">&lt;/td&gt;&lt;/tr&gt;&lt;tr&gt;&lt;td colspan="3"&gt;&lt;a href="selenium-screenshot-2.png"&gt;&lt;img src="selenium-screenshot-2.png" width="800px"&gt;&lt;/a&gt;</msg>
<msg timestamp="20220405 17:52:16.491" level="FAIL">Title should have been 'Login Page' but was 'Google'.</msg>
<status status="FAIL" starttime="20220405 17:52:15.462" endtime="20220405 17:52:16.491"/>
</kw>
<status status="FAIL" starttime="20220405 17:52:06.267" endtime="20220405 17:52:16.491"/>
</kw>
<kw name="Close Browser" library="SeleniumLibrary" type="TEARDOWN">
<doc>Closes the current browser.</doc>
<status status="PASS" starttime="20220405 17:52:16.574" endtime="20220405 17:52:29.126"/>
</kw>
<status status="FAIL" starttime="20220405 17:52:06.191" endtime="20220405 17:52:29.126">Title should have been 'Login Page' but was 'Google'.</status>
</test>
<doc>Simple example using SeleniumLibrary.</doc>
<status status="FAIL" starttime="20220405 17:51:59.430" endtime="20220405 17:52:29.136"/>
</suite>
<statistics>
<total>
<stat pass="0" fail="1" skip="0">All Tests</stat>
</total>
<tag>
</tag>
<suite>
<stat pass="0" fail="1" skip="0" id="s1" name="Test">Test</stat>
</suite>
</statistics>
<errors>
</errors>
</robot>
